0 info it worked if it ends with ok
1 verbose cli [ 'node', '/usr/local/bin/npm', 'install', '-g', 'cca' ]
2 info using npm@1.4.28
3 info using node@v0.10.33
4 verbose cache add [ 'cca', null ]
5 verbose cache add name=undefined spec="cca" args=["cca",null]
6 verbose parsed url { protocol: null,
6 verbose parsed url   slashes: null,
6 verbose parsed url   auth: null,
6 verbose parsed url   host: null,
6 verbose parsed url   port: null,
6 verbose parsed url   hostname: null,
6 verbose parsed url   hash: null,
6 verbose parsed url   search: null,
6 verbose parsed url   query: null,
6 verbose parsed url   pathname: 'cca',
6 verbose parsed url   path: 'cca',
6 verbose parsed url   href: 'cca' }
7 silly lockFile 2662d969-cca cca
8 verbose lock cca /Users/gustavogobbi/.npm/2662d969-cca.lock
9 silly lockFile 2662d969-cca cca
10 silly lockFile 2662d969-cca cca
11 verbose addNamed [ 'cca', '' ]
12 verbose addNamed [ null, '*' ]
13 silly lockFile e49264f1-cca cca@
14 verbose lock cca@ /Users/gustavogobbi/.npm/e49264f1-cca.lock
15 silly addNameRange { name: 'cca', range: '*', hasData: false }
16 verbose request where is /cca
17 verbose request registry https://registry.npmjs.org/
18 verbose request id cb43b8f1005814cd
19 verbose url raw /cca
20 verbose url resolving [ 'https://registry.npmjs.org/', './cca' ]
21 verbose url resolved https://registry.npmjs.org/cca
22 verbose request where is https://registry.npmjs.org/cca
23 info trying registry request attempt 1 at 17:05:16
24 http GET https://registry.npmjs.org/cca
25 http 200 https://registry.npmjs.org/cca
26 silly registry.get cb [ 200,
26 silly registry.get   { date: 'Sun, 30 Nov 2014 20:05:16 GMT',
26 silly registry.get     server: 'CouchDB/1.5.0 (Erlang OTP/R16B03)',
26 silly registry.get     etag: '"AXPRMVVJM093ODC1L1JY3MSUH"',
26 silly registry.get     'content-type': 'application/json',
26 silly registry.get     'cache-control': 'max-age=60',
26 silly registry.get     'content-length': '50576',
26 silly registry.get     'accept-ranges': 'bytes',
26 silly registry.get     via: '1.1 varnish',
26 silly registry.get     age: '0',
26 silly registry.get     'x-served-by': 'cache-jfk1029-JFK',
26 silly registry.get     'x-cache': 'MISS',
26 silly registry.get     'x-cache-hits': '0',
26 silly registry.get     'x-timer': 'S1417377916.918234,VS0,VE74',
26 silly registry.get     vary: 'Accept',
26 silly registry.get     'keep-alive': 'timeout=10, max=50',
26 silly registry.get     connection: 'Keep-Alive' } ]
27 silly addNameRange number 2 { name: 'cca', range: '*', hasData: true }
28 silly addNameRange versions [ 'cca',
28 silly addNameRange   [ '0.0.0',
28 silly addNameRange     '0.0.1',
28 silly addNameRange     '0.0.2',
28 silly addNameRange     '0.0.3',
28 silly addNameRange     '0.0.3-nobundle',
28 silly addNameRange     '0.0.4',
28 silly addNameRange     '0.0.5',
28 silly addNameRange     '0.0.7',
28 silly addNameRange     '0.0.8',
28 silly addNameRange     '0.0.9',
28 silly addNameRange     '0.0.10',
28 silly addNameRange     '0.0.11',
28 silly addNameRange     '0.1.0',
28 silly addNameRange     '0.1.1-rc1',
28 silly addNameRange     '0.1.1-rc3',
28 silly addNameRange     '0.1.1-rc4',
28 silly addNameRange     '0.1.1',
28 silly addNameRange     '0.2.1',
28 silly addNameRange     '0.2.2',
28 silly addNameRange     '0.3.0',
28 silly addNameRange     '0.3.1-rc2',
28 silly addNameRange     '0.3.1',
28 silly addNameRange     '0.4.0',
28 silly addNameRange     '0.4.1',
28 silly addNameRange     '0.4.2',
28 silly addNameRange     '0.4.3',
28 silly addNameRange     '0.5.0' ] ]
29 verbose addNamed [ 'cca', '0.5.0' ]
30 verbose addNamed [ '0.5.0', '0.5.0' ]
31 silly lockFile 4f0b19c5-cca-0-5-0 cca@0.5.0
32 verbose lock cca@0.5.0 /Users/gustavogobbi/.npm/4f0b19c5-cca-0-5-0.lock
33 silly lockFile 2f15c8d0-stry-npmjs-org-cca-cca-0-5-0-tgz https://registry.npmjs.org/cca/-/cca-0.5.0.tgz
34 verbose lock https://registry.npmjs.org/cca/-/cca-0.5.0.tgz /Users/gustavogobbi/.npm/2f15c8d0-stry-npmjs-org-cca-cca-0-5-0-tgz.lock
35 verbose addRemoteTarball [ 'https://registry.npmjs.org/cca/-/cca-0.5.0.tgz',
35 verbose addRemoteTarball   'ee41c786b3423799f2ff913caa703495d35695db' ]
36 info retry fetch attempt 1 at 17:05:17
37 verbose fetch to= /var/folders/1t/55kf_p5904z8sdcpbdw90jth0000gn/T/npm-17508-D4U97Wq-/registry.npmjs.org/cca/-/cca-0.5.0.tgz
38 http GET https://registry.npmjs.org/cca/-/cca-0.5.0.tgz
39 http 200 https://registry.npmjs.org/cca/-/cca-0.5.0.tgz
40 silly lockFile 2f15c8d0-stry-npmjs-org-cca-cca-0-5-0-tgz https://registry.npmjs.org/cca/-/cca-0.5.0.tgz
41 silly lockFile 2f15c8d0-stry-npmjs-org-cca-cca-0-5-0-tgz https://registry.npmjs.org/cca/-/cca-0.5.0.tgz
42 silly lockFile 4f0b19c5-cca-0-5-0 cca@0.5.0
43 silly lockFile 4f0b19c5-cca-0-5-0 cca@0.5.0
44 silly lockFile e49264f1-cca cca@
45 silly lockFile e49264f1-cca cca@
46 silly resolved [ { name: 'cca',
46 silly resolved     author: { name: 'The Chrome Team' },
46 silly resolved     version: '0.5.0',
46 silly resolved     description: 'Run Chrome Apps on mobile using Apache Cordova',
46 silly resolved     preferGlobal: 'true',
46 silly resolved     keywords: [ 'cordova', 'chrome', 'mobile', 'apps' ],
46 silly resolved     bin: { cca: 'src/cca.js' },
46 silly resolved     main: 'src/cca.js',
46 silly resolved     man: [ './docs/man/cca.7' ],
46 silly resolved     license: 'Apache version 2.0',
46 silly resolved     repository:
46 silly resolved      { type: 'git',
46 silly resolved        url: 'https://github.com/MobileChromeApps/mobile-chrome-apps.git' },
46 silly resolved     comments: { 'crypto-js': 'is not meant to be pinned, but 3.1.2-5 IS later than 3.1.2 (incorrect use of semver), and this works' },
46 silly resolved     dependencies:
46 silly resolved      { 'cca-manifest-logic': '^0.0.5',
46 silly resolved        'chrome-app-developer-tool-client': '^0.0.4',
46 silly resolved        cordova: '^4.1.2',
46 silly resolved        'crypto-js': '3.1.2-5',
46 silly resolved        debounce: '^1.0.0',
46 silly resolved        elementtree: '0.1.6',
46 silly resolved        gaze: '^0.5.1',
46 silly resolved        'gulp-mocha': '^1.1.1',
46 silly resolved        'node-uuid': '^1.4.1',
46 silly resolved        'node.extend': '',
46 silly resolved        optimist: '~0.6.1',
46 silly resolved        q: '~1',
46 silly resolved        semver: '^4.1.0',
46 silly resolved        shelljs: '^0.3.0',
46 silly resolved        underscore: '^1.7.0',
46 silly resolved        xmldom: '^0.1.19' },
46 silly resolved     files:
46 silly resolved      [ 'README.md',
46 silly resolved        'RELEASENOTES.md',
46 silly resolved        'cordova',
46 silly resolved        'docs',
46 silly resolved        'src',
46 silly resolved        'templates' ],
46 silly resolved     devDependencies:
46 silly resolved      { chai: '^1.9.1',
46 silly resolved        gulp: '^3.7.0',
46 silly resolved        'gulp-jshint': '^1.6.1',
46 silly resolved        'gulp-mocha': '^1.1.1',
46 silly resolved        'gulp-util': '^3.0.1',
46 silly resolved        walk: '^2.3.3' },
46 silly resolved     scripts: { test: 'gulp test' },
46 silly resolved     contributors: [ [Object], [Object] ],
46 silly resolved     gitHead: '155b1af69e2e6191657babef8c97fab5c977694e',
46 silly resolved     bugs: { url: 'https://github.com/MobileChromeApps/mobile-chrome-apps/issues' },
46 silly resolved     homepage: 'https://github.com/MobileChromeApps/mobile-chrome-apps',
46 silly resolved     _id: 'cca@0.5.0',
46 silly resolved     _shasum: 'ee41c786b3423799f2ff913caa703495d35695db',
46 silly resolved     _from: 'cca@',
46 silly resolved     _npmVersion: '1.4.14',
46 silly resolved     _npmUser: { name: 'agrieve', email: 'agrieve@chromium.org' },
46 silly resolved     maintainers:
46 silly resolved      [ [Object],
46 silly resolved        [Object],
46 silly resolved        [Object],
46 silly resolved        [Object],
46 silly resolved        [Object],
46 silly resolved        [Object],
46 silly resolved        [Object] ],
46 silly resolved     dist:
46 silly resolved      { shasum: 'ee41c786b3423799f2ff913caa703495d35695db',
46 silly resolved        tarball: 'http://registry.npmjs.org/cca/-/cca-0.5.0.tgz' },
46 silly resolved     directories: {},
46 silly resolved     _resolved: 'https://registry.npmjs.org/cca/-/cca-0.5.0.tgz' } ]
47 info install cca@0.5.0 into /usr/local/lib
48 info installOne cca@0.5.0
49 verbose lib/node_modules/cca unbuild
50 verbose tar unpack /Users/gustavogobbi/.npm/cca/0.5.0/package.tgz
51 silly lockFile 0c795783-r-usr-local-lib-node-modules-cca tar:///usr/local/lib/node_modules/cca
52 verbose lock tar:///usr/local/lib/node_modules/cca /Users/gustavogobbi/.npm/0c795783-r-usr-local-lib-node-modules-cca.lock
53 silly lockFile 862f94c1-ogobbi-npm-cca-0-5-0-package-tgz tar:///Users/gustavogobbi/.npm/cca/0.5.0/package.tgz
54 verbose lock tar:///Users/gustavogobbi/.npm/cca/0.5.0/package.tgz /Users/gustavogobbi/.npm/862f94c1-ogobbi-npm-cca-0-5-0-package-tgz.lock
55 silly gunzTarPerm modes [ '755', '644' ]
56 error Error: EACCES, mkdir '/usr/local/lib/node_modules/cca'
56 error  { [Error: EACCES, mkdir '/usr/local/lib/node_modules/cca']
56 error   errno: 3,
56 error   code: 'EACCES',
56 error   path: '/usr/local/lib/node_modules/cca',
56 error   fstream_type: 'Directory',
56 error   fstream_path: '/usr/local/lib/node_modules/cca',
56 error   fstream_class: 'DirWriter',
56 error   fstream_stack:
56 error    [ '/usr/local/lib/node_modules/npm/node_modules/fstream/lib/dir-writer.js:36:23',
56 error      '/usr/local/lib/node_modules/npm/node_modules/mkdirp/index.js:46:53',
56 error      'Object.oncomplete (fs.js:107:15)' ] }
57 error Please try running this command again as root/Administrator.
58 error System Darwin 14.0.0
59 error command "node" "/usr/local/bin/npm" "install" "-g" "cca"
60 error cwd /Users/gustavogobbi/eventosufal-fork1
61 error node -v v0.10.33
62 error npm -v 1.4.28
63 error path /usr/local/lib/node_modules/cca
64 error fstream_path /usr/local/lib/node_modules/cca
65 error fstream_type Directory
66 error fstream_class DirWriter
67 error code EACCES
68 error errno 3
69 error stack Error: EACCES, mkdir '/usr/local/lib/node_modules/cca'
70 error fstream_stack /usr/local/lib/node_modules/npm/node_modules/fstream/lib/dir-writer.js:36:23
70 error fstream_stack /usr/local/lib/node_modules/npm/node_modules/mkdirp/index.js:46:53
70 error fstream_stack Object.oncomplete (fs.js:107:15)
71 verbose exit [ 3, true ]
